/home/ml1875/R1_ProteinSeqClassification/SingleBert/bert.py:16: FutureWarning: load_metric is deprecated and will be removed in the next major version of datasets. Use 'evaluate.load' instead, from the new library ðŸ¤— Evaluate: https://huggingface.co/docs/evaluate
  metric = load_metric("accuracy")
Using the latest cached version of the module from /home/ml1875/.cache/huggingface/modules/datasets_modules/metrics/accuracy/9756d5fa4a0f9da966341741fc3926eafdc604b8276add51d5abbaa8958a25f9 (last modified on Tue Sep 19 09:52:38 2023) since it couldn't be found locally at accuracy, or remotely on the Hugging Face Hub.
Some weights of BertForSequenceClassification were not initialized from the model checkpoint at Rostlab/prot_bert_bfd and are newly initialized: ['classifier.weight', 'classifier.bias']
You should probably TRAIN this model on a down-stream task to be able to use it for predictions and inference.

  0%|          | 0/282 [00:00<?, ?it/s]
  0%|          | 1/282 [00:00<04:06,  1.14it/s]
  1%|          | 2/282 [00:01<03:47,  1.23it/s]
  1%|          | 3/282 [00:02<03:40,  1.27it/s]
  1%|â–         | 4/282 [00:03<03:36,  1.28it/s]
  2%|â–         | 5/282 [00:03<03:34,  1.29it/s]
  2%|â–         | 6/282 [00:04<03:32,  1.30it/s]
  2%|â–         | 7/282 [00:05<03:31,  1.30it/s]
  3%|â–Ž         | 8/282 [00:06<03:30,  1.30it/s]
  3%|â–Ž         | 9/282 [00:06<03:29,  1.30it/s]
  4%|â–Ž         | 10/282 [00:07<03:28,  1.30it/s]
  4%|â–         | 11/282 [00:08<03:27,  1.30it/s]
  4%|â–         | 12/282 [00:09<03:26,  1.31it/s]
  5%|â–         | 13/282 [00:10<03:25,  1.31it/s]
  5%|â–         | 14/282 [00:10<03:24,  1.31it/s]
  5%|â–Œ         | 15/282 [00:11<03:24,  1.31it/s]
  6%|â–Œ         | 16/282 [00:12<03:23,  1.31it/s]
  6%|â–Œ         | 17/282 [00:13<03:22,  1.31it/s]
  6%|â–‹         | 18/282 [00:13<03:21,  1.31it/s]
  7%|â–‹         | 19/282 [00:14<03:21,  1.31it/s]
  7%|â–‹         | 20/282 [00:15<03:20,  1.31it/s]
  7%|â–‹         | 21/282 [00:16<03:19,  1.31it/s]
  8%|â–Š         | 22/282 [00:16<03:19,  1.31it/s]
  8%|â–Š         | 23/282 [00:17<03:18,  1.31it/s]
  9%|â–Š         | 24/282 [00:18<03:17,  1.31it/s]
  9%|â–‰         | 25/282 [00:19<03:16,  1.31it/s]
  9%|â–‰         | 26/282 [00:20<03:16,  1.31it/s]
 10%|â–‰         | 27/282 [00:20<03:15,  1.31it/s]
 10%|â–‰         | 28/282 [00:21<03:14,  1.31it/s]
 10%|â–ˆ         | 29/282 [00:22<03:13,  1.31it/s]
 11%|â–ˆ         | 30/282 [00:23<03:12,  1.31it/s]
 11%|â–ˆ         | 31/282 [00:23<03:12,  1.31it/s]
 11%|â–ˆâ–        | 32/282 [00:24<03:11,  1.31it/s]
 12%|â–ˆâ–        | 33/282 [00:25<03:10,  1.31it/s]
 12%|â–ˆâ–        | 34/282 [00:26<03:09,  1.31it/s]
 12%|â–ˆâ–        | 35/282 [00:26<03:09,  1.30it/s]
 13%|â–ˆâ–Ž        | 36/282 [00:27<03:08,  1.30it/s]
 13%|â–ˆâ–Ž        | 37/282 [00:28<03:07,  1.30it/s]
 13%|â–ˆâ–Ž        | 38/282 [00:29<03:07,  1.30it/s]
 14%|â–ˆâ–        | 39/282 [00:29<03:06,  1.31it/s]
 14%|â–ˆâ–        | 40/282 [00:30<03:05,  1.31it/s]
 15%|â–ˆâ–        | 41/282 [00:31<03:04,  1.31it/s]
 15%|â–ˆâ–        | 42/282 [00:32<03:03,  1.31it/s]
 15%|â–ˆâ–Œ        | 43/282 [00:33<03:03,  1.30it/s]
 16%|â–ˆâ–Œ        | 44/282 [00:33<03:02,  1.30it/s]
 16%|â–ˆâ–Œ        | 45/282 [00:34<03:01,  1.30it/s]
 16%|â–ˆâ–‹        | 46/282 [00:35<03:00,  1.30it/s]
 17%|â–ˆâ–‹        | 47/282 [00:36<03:00,  1.30it/s]
 17%|â–ˆâ–‹        | 48/282 [00:36<02:59,  1.30it/s]
 17%|â–ˆâ–‹        | 49/282 [00:37<02:58,  1.30it/s]
 18%|â–ˆâ–Š        | 50/282 [00:38<02:57,  1.30it/s]
 18%|â–ˆâ–Š        | 51/282 [00:39<02:57,  1.31it/s]
 18%|â–ˆâ–Š        | 52/282 [00:39<02:56,  1.30it/s]
 19%|â–ˆâ–‰        | 53/282 [00:40<02:55,  1.30it/s]
 19%|â–ˆâ–‰        | 54/282 [00:41<02:54,  1.30it/s]
 20%|â–ˆâ–‰        | 55/282 [00:42<02:54,  1.30it/s]
 20%|â–ˆâ–‰        | 56/282 [00:42<02:53,  1.30it/s]
 20%|â–ˆâ–ˆ        | 57/282 [00:43<02:52,  1.30it/s]
 21%|â–ˆâ–ˆ        | 58/282 [00:44<02:51,  1.30it/s]
 21%|â–ˆâ–ˆ        | 59/282 [00:45<02:51,  1.30it/s]
 21%|â–ˆâ–ˆâ–       | 60/282 [00:46<02:50,  1.30it/s]
 22%|â–ˆâ–ˆâ–       | 61/282 [00:46<02:49,  1.30it/s]
 22%|â–ˆâ–ˆâ–       | 62/282 [00:47<02:48,  1.30it/s]
 22%|â–ˆâ–ˆâ–       | 63/282 [00:48<02:47,  1.30it/s]
 23%|â–ˆâ–ˆâ–Ž       | 64/282 [00:49<02:47,  1.30it/s]
 23%|â–ˆâ–ˆâ–Ž       | 65/282 [00:49<02:46,  1.30it/s]
 23%|â–ˆâ–ˆâ–Ž       | 66/282 [00:50<02:45,  1.30it/s]
 24%|â–ˆâ–ˆâ–       | 67/282 [00:51<02:44,  1.30it/s]
 24%|â–ˆâ–ˆâ–       | 68/282 [00:52<02:44,  1.30it/s]
 24%|â–ˆâ–ˆâ–       | 69/282 [00:52<02:43,  1.30it/s]
 25%|â–ˆâ–ˆâ–       | 70/282 [00:53<02:42,  1.30it/s]
 25%|â–ˆâ–ˆâ–Œ       | 71/282 [00:54<02:41,  1.30it/s]
 26%|â–ˆâ–ˆâ–Œ       | 72/282 [00:55<02:41,  1.30it/s]
 26%|â–ˆâ–ˆâ–Œ       | 73/282 [00:56<02:40,  1.30it/s]
 26%|â–ˆâ–ˆâ–Œ       | 74/282 [00:56<02:39,  1.30it/s]
 27%|â–ˆâ–ˆâ–‹       | 75/282 [00:57<02:38,  1.30it/s]
 27%|â–ˆâ–ˆâ–‹       | 76/282 [00:58<02:38,  1.30it/s]
 27%|â–ˆâ–ˆâ–‹       | 77/282 [00:59<02:37,  1.30it/s]
 28%|â–ˆâ–ˆâ–Š       | 78/282 [00:59<02:36,  1.30it/s]
 28%|â–ˆâ–ˆâ–Š       | 79/282 [01:00<02:35,  1.30it/s]
 28%|â–ˆâ–ˆâ–Š       | 80/282 [01:01<02:35,  1.30it/s]
 29%|â–ˆâ–ˆâ–Š       | 81/282 [01:02<02:34,  1.30it/s]
 29%|â–ˆâ–ˆâ–‰       | 82/282 [01:02<02:33,  1.30it/s]
 29%|â–ˆâ–ˆâ–‰       | 83/282 [01:03<02:32,  1.30it/s]
 30%|â–ˆâ–ˆâ–‰       | 84/282 [01:04<02:31,  1.30it/s]
 30%|â–ˆâ–ˆâ–ˆ       | 85/282 [01:05<02:31,  1.30it/s]
 30%|â–ˆâ–ˆâ–ˆ       | 86/282 [01:06<02:30,  1.30it/s]
 31%|â–ˆâ–ˆâ–ˆ       | 87/282 [01:06<02:29,  1.30it/s]
 31%|â–ˆâ–ˆâ–ˆ       | 88/282 [01:07<02:29,  1.30it/s]
 32%|â–ˆâ–ˆâ–ˆâ–      | 89/282 [01:08<02:28,  1.30it/s]
 32%|â–ˆâ–ˆâ–ˆâ–      | 90/282 [01:09<02:27,  1.30it/s]
 32%|â–ˆâ–ˆâ–ˆâ–      | 91/282 [01:09<02:26,  1.30it/s]
 33%|â–ˆâ–ˆâ–ˆâ–Ž      | 92/282 [01:10<02:26,  1.30it/s]
 33%|â–ˆâ–ˆâ–ˆâ–Ž      | 93/282 [01:11<02:25,  1.30it/s]
 33%|â–ˆâ–ˆâ–ˆâ–Ž      | 94/282 [01:12<02:14,  1.39it/s]
 34%|â–ˆâ–ˆâ–ˆâ–Ž      | 95/282 [01:12<02:17,  1.36it/s]
 34%|â–ˆâ–ˆâ–ˆâ–      | 96/282 [01:13<02:18,  1.34it/s]
 34%|â–ˆâ–ˆâ–ˆâ–      | 97/282 [01:14<02:18,  1.33it/s]
 35%|â–ˆâ–ˆâ–ˆâ–      | 98/282 [01:15<02:19,  1.32it/s]
 35%|â–ˆâ–ˆâ–ˆâ–Œ      | 99/282 [01:15<02:18,  1.32it/s]
 35%|â–ˆâ–ˆâ–ˆâ–Œ      | 100/282 [01:16<02:18,  1.31it/s]
 36%|â–ˆâ–ˆâ–ˆâ–Œ      | 101/282 [01:17<02:18,  1.31it/s]
 36%|â–ˆâ–ˆâ–ˆâ–Œ      | 102/282 [01:18<02:17,  1.31it/s]
 37%|â–ˆâ–ˆâ–ˆâ–‹      | 103/282 [01:18<02:17,  1.30it/s]
 37%|â–ˆâ–ˆâ–ˆâ–‹      | 104/282 [01:19<02:16,  1.30it/s]
 37%|â–ˆâ–ˆâ–ˆâ–‹      | 105/282 [01:20<02:15,  1.30it/s]
 38%|â–ˆâ–ˆâ–ˆâ–Š      | 106/282 [01:21<02:15,  1.30it/s]
 38%|â–ˆâ–ˆâ–ˆâ–Š      | 107/282 [01:21<02:14,  1.30it/s]
 38%|â–ˆâ–ˆâ–ˆâ–Š      | 108/282 [01:22<02:13,  1.30it/s]
 39%|â–ˆâ–ˆâ–ˆâ–Š      | 109/282 [01:23<02:13,  1.30it/s]
 39%|â–ˆâ–ˆâ–ˆâ–‰      | 110/282 [01:24<02:12,  1.30it/s]
 39%|â–ˆâ–ˆâ–ˆâ–‰      | 111/282 [01:25<02:11,  1.30it/s]
 40%|â–ˆâ–ˆâ–ˆâ–‰      | 112/282 [01:25<02:10,  1.30it/s]
 40%|â–ˆâ–ˆâ–ˆâ–ˆ      | 113/282 [01:26<02:09,  1.30it/s]
 40%|â–ˆâ–ˆâ–ˆâ–ˆ      | 114/282 [01:27<02:09,  1.30it/s]
 41%|â–ˆâ–ˆâ–ˆâ–ˆ      | 115/282 [01:28<02:08,  1.30it/s]
 41%|â–ˆâ–ˆâ–ˆâ–ˆ      | 116/282 [01:28<02:07,  1.30it/s]
 41%|â–ˆâ–ˆâ–ˆâ–ˆâ–     | 117/282 [01:29<02:07,  1.30it/s]
 42%|â–ˆâ–ˆâ–ˆâ–ˆâ–     | 118/282 [01:30<02:06,  1.30it/s]
 42%|â–ˆâ–ˆâ–ˆâ–ˆâ–     | 119/282 [01:31<02:05,  1.30it/s]
 43%|â–ˆâ–ˆâ–ˆâ–ˆâ–Ž     | 120/282 [01:31<02:04,  1.30it/s]
 43%|â–ˆâ–ˆâ–ˆâ–ˆâ–Ž     | 121/282 [01:32<02:03,  1.30it/s]
 43%|â–ˆâ–ˆâ–ˆâ–ˆâ–Ž     | 122/282 [01:33<02:03,  1.30it/s]
 44%|â–ˆâ–ˆâ–ˆâ–ˆâ–Ž     | 123/282 [01:34<02:02,  1.30it/s]
 44%|â–ˆâ–ˆâ–ˆâ–ˆâ–     | 124/282 [01:35<02:01,  1.30it/s]
 44%|â–ˆâ–ˆâ–ˆâ–ˆâ–     | 125/282 [01:35<02:00,  1.30it/s]
 45%|â–ˆâ–ˆâ–ˆâ–ˆâ–     | 126/282 [01:36<01:59,  1.30it/s]
 45%|â–ˆâ–ˆâ–ˆâ–ˆâ–Œ     | 127/282 [01:37<01:59,  1.30it/s]
 45%|â–ˆâ–ˆâ–ˆâ–ˆâ–Œ     | 128/282 [01:38<01:58,  1.30it/s]
 46%|â–ˆâ–ˆâ–ˆâ–ˆâ–Œ     | 129/282 [01:38<01:57,  1.30it/s]
 46%|â–ˆâ–ˆâ–ˆâ–ˆâ–Œ     | 130/282 [01:39<01:56,  1.30it/s]
 46%|â–ˆâ–ˆâ–ˆâ–ˆâ–‹     | 131/282 [01:40<01:55,  1.30it/s]
 47%|â–ˆâ–ˆâ–ˆâ–ˆâ–‹     | 132/282 [01:41<01:55,  1.30it/s]
 47%|â–ˆâ–ˆâ–ˆâ–ˆâ–‹     | 133/282 [01:41<01:54,  1.30it/s]
 48%|â–ˆâ–ˆâ–ˆâ–ˆâ–Š     | 134/282 [01:42<01:53,  1.30it/s]
 48%|â–ˆâ–ˆâ–ˆâ–ˆâ–Š     | 135/282 [01:43<01:53,  1.30it/s]
 48%|â–ˆâ–ˆâ–ˆâ–ˆâ–Š     | 136/282 [01:44<01:52,  1.30it/s]
 49%|â–ˆâ–ˆâ–ˆâ–ˆâ–Š     | 137/282 [01:45<01:51,  1.30it/s]
 49%|â–ˆâ–ˆâ–ˆâ–ˆâ–‰     | 138/282 [01:45<01:50,  1.30it/s]
 49%|â–ˆâ–ˆâ–ˆâ–ˆâ–‰     | 139/282 [01:46<01:49,  1.30it/s]
 50%|â–ˆâ–ˆâ–ˆâ–ˆâ–‰     | 140/282 [01:47<01:49,  1.30it/s]
 50%|â–ˆâ–ˆâ–ˆâ–ˆâ–ˆ     | 141/282 [01:48<01:48,  1.30it/s]
 50%|â–ˆâ–ˆâ–ˆâ–ˆâ–ˆ     | 142/282 [01:48<01:47,  1.30it/s]
 51%|â–ˆâ–ˆâ–ˆâ–ˆâ–ˆ     | 143/282 [01:49<01:46,  1.30it/s]
 51%|â–ˆâ–ˆâ–ˆâ–ˆâ–ˆ     | 144/282 [01:50<01:46,  1.30it/s]
 51%|â–ˆâ–ˆâ–ˆâ–ˆâ–ˆâ–    | 145/282 [01:51<01:45,  1.30it/s]
 52%|â–ˆâ–ˆâ–ˆâ–ˆâ–ˆâ–    | 146/282 [01:51<01:44,  1.30it/s]
 52%|â–ˆâ–ˆâ–ˆâ–ˆâ–ˆâ–    | 147/282 [01:52<01:43,  1.30it/s]
 52%|â–ˆâ–ˆâ–ˆâ–ˆâ–ˆâ–    | 148/282 [01:53<01:43,  1.30it/s]
 53%|â–ˆâ–ˆâ–ˆâ–ˆâ–ˆâ–Ž    | 149/282 [01:54<01:42,  1.30it/s]
 53%|â–ˆâ–ˆâ–ˆâ–ˆâ–ˆâ–Ž    | 150/282 [01:55<01:41,  1.30it/s]
 54%|â–ˆâ–ˆâ–ˆâ–ˆâ–ˆâ–Ž    | 151/282 [01:55<01:40,  1.30it/s]
 54%|â–ˆâ–ˆâ–ˆâ–ˆâ–ˆâ–    | 152/282 [01:56<01:39,  1.30it/s]
 54%|â–ˆâ–ˆâ–ˆâ–ˆâ–ˆâ–    | 153/282 [01:57<01:38,  1.30it/s]
 55%|â–ˆâ–ˆâ–ˆâ–ˆâ–ˆâ–    | 154/282 [01:58<01:38,  1.30it/s]
 55%|â–ˆâ–ˆâ–ˆâ–ˆâ–ˆâ–    | 155/282 [01:58<01:37,  1.30it/s]
 55%|â–ˆâ–ˆâ–ˆâ–ˆâ–ˆâ–Œ    | 156/282 [01:59<01:36,  1.30it/s]
 56%|â–ˆâ–ˆâ–ˆâ–ˆâ–ˆâ–Œ    | 157/282 [02:00<01:36,  1.30it/s]
 56%|â–ˆâ–ˆâ–ˆâ–ˆâ–ˆâ–Œ    | 158/282 [02:01<01:35,  1.30it/s]
 56%|â–ˆâ–ˆâ–ˆâ–ˆâ–ˆâ–‹    | 159/282 [02:01<01:34,  1.30it/s]
 57%|â–ˆâ–ˆâ–ˆâ–ˆâ–ˆâ–‹    | 160/282 [02:02<01:33,  1.30it/s]
 57%|â–ˆâ–ˆâ–ˆâ–ˆâ–ˆâ–‹    | 161/282 [02:03<01:32,  1.30it/s]
 57%|â–ˆâ–ˆâ–ˆâ–ˆâ–ˆâ–‹    | 162/282 [02:04<01:32,  1.30it/s]
 58%|â–ˆâ–ˆâ–ˆâ–ˆâ–ˆâ–Š    | 163/282 [02:05<01:31,  1.30it/s]
 58%|â–ˆâ–ˆâ–ˆâ–ˆâ–ˆâ–Š    | 164/282 [02:05<01:30,  1.30it/s]
 59%|â–ˆâ–ˆâ–ˆâ–ˆâ–ˆâ–Š    | 165/282 [02:06<01:29,  1.30it/s]
 59%|â–ˆâ–ˆâ–ˆâ–ˆâ–ˆâ–‰    | 166/282 [02:07<01:29,  1.30it/s]
 59%|â–ˆâ–ˆâ–ˆâ–ˆâ–ˆâ–‰    | 167/282 [02:08<01:28,  1.30it/s]
 60%|â–ˆâ–ˆâ–ˆâ–ˆâ–ˆâ–‰    | 168/282 [02:08<01:27,  1.30it/s]
 60%|â–ˆâ–ˆâ–ˆâ–ˆâ–ˆâ–‰    | 169/282 [02:09<01:27,  1.30it/s]
 60%|â–ˆâ–ˆâ–ˆâ–ˆâ–ˆâ–ˆ    | 170/282 [02:10<01:26,  1.30it/s]
 61%|â–ˆâ–ˆâ–ˆâ–ˆâ–ˆâ–ˆ    | 171/282 [02:11<01:25,  1.30it/s]
 61%|â–ˆâ–ˆâ–ˆâ–ˆâ–ˆâ–ˆ    | 172/282 [02:11<01:24,  1.30it/s]
 61%|â–ˆâ–ˆâ–ˆâ–ˆâ–ˆâ–ˆâ–   | 173/282 [02:12<01:23,  1.30it/s]
 62%|â–ˆâ–ˆâ–ˆâ–ˆâ–ˆâ–ˆâ–   | 174/282 [02:13<01:23,  1.30it/s]
 62%|â–ˆâ–ˆâ–ˆâ–ˆâ–ˆâ–ˆâ–   | 175/282 [02:14<01:22,  1.30it/s]
 62%|â–ˆâ–ˆâ–ˆâ–ˆâ–ˆâ–ˆâ–   | 176/282 [02:15<01:21,  1.30it/s]
 63%|â–ˆâ–ˆâ–ˆâ–ˆâ–ˆâ–ˆâ–Ž   | 177/282 [02:15<01:20,  1.30it/s]
 63%|â–ˆâ–ˆâ–ˆâ–ˆâ–ˆâ–ˆâ–Ž   | 178/282 [02:16<01:19,  1.30it/s]
 63%|â–ˆâ–ˆâ–ˆâ–ˆâ–ˆâ–ˆâ–Ž   | 179/282 [02:17<01:19,  1.30it/s]
 64%|â–ˆâ–ˆâ–ˆâ–ˆâ–ˆâ–ˆâ–   | 180/282 [02:18<01:18,  1.30it/s]
 64%|â–ˆâ–ˆâ–ˆâ–ˆâ–ˆâ–ˆâ–   | 181/282 [02:18<01:17,  1.30it/s]
 65%|â–ˆâ–ˆâ–ˆâ–ˆâ–ˆâ–ˆâ–   | 182/282 [02:19<01:16,  1.30it/s]
 65%|â–ˆâ–ˆâ–ˆâ–ˆâ–ˆâ–ˆâ–   | 183/282 [02:20<01:16,  1.30it/s]
 65%|â–ˆâ–ˆâ–ˆâ–ˆâ–ˆâ–ˆâ–Œ   | 184/282 [02:21<01:15,  1.30it/s]
 66%|â–ˆâ–ˆâ–ˆâ–ˆâ–ˆâ–ˆâ–Œ   | 185/282 [02:21<01:14,  1.30it/s]
 66%|â–ˆâ–ˆâ–ˆâ–ˆâ–ˆâ–ˆâ–Œ   | 186/282 [02:22<01:13,  1.30it/s]
 66%|â–ˆâ–ˆâ–ˆâ–ˆâ–ˆâ–ˆâ–‹   | 187/282 [02:23<01:12,  1.30it/s]
 67%|â–ˆâ–ˆâ–ˆâ–ˆâ–ˆâ–ˆâ–‹   | 188/282 [02:24<01:07,  1.39it/s]
 67%|â–ˆâ–ˆâ–ˆâ–ˆâ–ˆâ–ˆâ–‹   | 189/282 [02:24<01:08,  1.36it/s]
 67%|â–ˆâ–ˆâ–ˆâ–ˆâ–ˆâ–ˆâ–‹   | 190/282 [02:25<01:08,  1.34it/s]
 68%|â–ˆâ–ˆâ–ˆâ–ˆâ–ˆâ–ˆâ–Š   | 191/282 [02:26<01:08,  1.33it/s]
 68%|â–ˆâ–ˆâ–ˆâ–ˆâ–ˆâ–ˆâ–Š   | 192/282 [02:27<01:07,  1.32it/s]
 68%|â–ˆâ–ˆâ–ˆâ–ˆâ–ˆâ–ˆâ–Š   | 193/282 [02:27<01:07,  1.32it/s]
 69%|â–ˆâ–ˆâ–ˆâ–ˆâ–ˆâ–ˆâ–‰   | 194/282 [02:28<01:06,  1.31it/s]
 69%|â–ˆâ–ˆâ–ˆâ–ˆâ–ˆâ–ˆâ–‰   | 195/282 [02:29<01:06,  1.31it/s]
 70%|â–ˆâ–ˆâ–ˆâ–ˆâ–ˆâ–ˆâ–‰   | 196/282 [02:30<01:05,  1.31it/s]
 70%|â–ˆâ–ˆâ–ˆâ–ˆâ–ˆâ–ˆâ–‰   | 197/282 [02:30<01:05,  1.31it/s]
 70%|â–ˆâ–ˆâ–ˆâ–ˆâ–ˆâ–ˆâ–ˆ   | 198/282 [02:31<01:04,  1.31it/s]
 71%|â–ˆâ–ˆâ–ˆâ–ˆâ–ˆâ–ˆâ–ˆ   | 199/282 [02:32<01:03,  1.30it/s]
 71%|â–ˆâ–ˆâ–ˆâ–ˆâ–ˆâ–ˆâ–ˆ   | 200/282 [02:33<01:02,  1.30it/s]
 71%|â–ˆâ–ˆâ–ˆâ–ˆâ–ˆâ–ˆâ–ˆâ–  | 201/282 [02:34<01:02,  1.30it/s]
 72%|â–ˆâ–ˆâ–ˆâ–ˆâ–ˆâ–ˆâ–ˆâ–  | 202/282 [02:34<01:01,  1.30it/s]
 72%|â–ˆâ–ˆâ–ˆâ–ˆâ–ˆâ–ˆâ–ˆâ–  | 203/282 [02:35<01:00,  1.30it/s]
 72%|â–ˆâ–ˆâ–ˆâ–ˆâ–ˆâ–ˆâ–ˆâ–  | 204/282 [02:36<00:59,  1.30it/s]
 73%|â–ˆâ–ˆâ–ˆâ–ˆâ–ˆâ–ˆâ–ˆâ–Ž  | 205/282 [02:37<00:59,  1.30it/s]
 73%|â–ˆâ–ˆâ–ˆâ–ˆâ–ˆâ–ˆâ–ˆâ–Ž  | 206/282 [02:37<00:58,  1.30it/s]
 73%|â–ˆâ–ˆâ–ˆâ–ˆâ–ˆâ–ˆâ–ˆâ–Ž  | 207/282 [02:38<00:57,  1.30it/s]
 74%|â–ˆâ–ˆâ–ˆâ–ˆâ–ˆâ–ˆâ–ˆâ–  | 208/282 [02:39<00:56,  1.30it/s]
 74%|â–ˆâ–ˆâ–ˆâ–ˆâ–ˆâ–ˆâ–ˆâ–  | 209/282 [02:40<00:56,  1.30it/s]
 74%|â–ˆâ–ˆâ–ˆâ–ˆâ–ˆâ–ˆâ–ˆâ–  | 210/282 [02:40<00:55,  1.30it/s]
 75%|â–ˆâ–ˆâ–ˆâ–ˆâ–ˆâ–ˆâ–ˆâ–  | 211/282 [02:41<00:54,  1.30it/s]
 75%|â–ˆâ–ˆâ–ˆâ–ˆâ–ˆâ–ˆâ–ˆâ–Œ  | 212/282 [02:42<00:53,  1.30it/s]
 76%|â–ˆâ–ˆâ–ˆâ–ˆâ–ˆâ–ˆâ–ˆâ–Œ  | 213/282 [02:43<00:53,  1.30it/s]
 76%|â–ˆâ–ˆâ–ˆâ–ˆâ–ˆâ–ˆâ–ˆâ–Œ  | 214/282 [02:44<00:52,  1.30it/s]
 76%|â–ˆâ–ˆâ–ˆâ–ˆâ–ˆâ–ˆâ–ˆâ–Œ  | 215/282 [02:44<00:51,  1.30it/s]
 77%|â–ˆâ–ˆâ–ˆâ–ˆâ–ˆâ–ˆâ–ˆâ–‹  | 216/282 [02:45<00:50,  1.30it/s]
 77%|â–ˆâ–ˆâ–ˆâ–ˆâ–ˆâ–ˆâ–ˆâ–‹  | 217/282 [02:46<00:50,  1.30it/s]
 77%|â–ˆâ–ˆâ–ˆâ–ˆâ–ˆâ–ˆâ–ˆâ–‹  | 218/282 [02:47<00:49,  1.30it/s]
 78%|â–ˆâ–ˆâ–ˆâ–ˆâ–ˆâ–ˆâ–ˆâ–Š  | 219/282 [02:47<00:48,  1.30it/s]
 78%|â–ˆâ–ˆâ–ˆâ–ˆâ–ˆâ–ˆâ–ˆâ–Š  | 220/282 [02:48<00:47,  1.30it/s]
 78%|â–ˆâ–ˆâ–ˆâ–ˆâ–ˆâ–ˆâ–ˆâ–Š  | 221/282 [02:49<00:46,  1.30it/s]
 79%|â–ˆâ–ˆâ–ˆâ–ˆâ–ˆâ–ˆâ–ˆâ–Š  | 222/282 [02:50<00:46,  1.30it/s]
 79%|â–ˆâ–ˆâ–ˆâ–ˆâ–ˆâ–ˆâ–ˆâ–‰  | 223/282 [02:50<00:45,  1.30it/s]
 79%|â–ˆâ–ˆâ–ˆâ–ˆâ–ˆâ–ˆâ–ˆâ–‰  | 224/282 [02:51<00:44,  1.30it/s]
 80%|â–ˆâ–ˆâ–ˆâ–ˆâ–ˆâ–ˆâ–ˆâ–‰  | 225/282 [02:52<00:43,  1.30it/s]
 80%|â–ˆâ–ˆâ–ˆâ–ˆâ–ˆâ–ˆâ–ˆâ–ˆ  | 226/282 [02:53<00:43,  1.30it/s]
 80%|â–ˆâ–ˆâ–ˆâ–ˆâ–ˆâ–ˆâ–ˆâ–ˆ  | 227/282 [02:54<00:42,  1.30it/s]
 81%|â–ˆâ–ˆâ–ˆâ–ˆâ–ˆâ–ˆâ–ˆâ–ˆ  | 228/282 [02:54<00:41,  1.30it/s]
 81%|â–ˆâ–ˆâ–ˆâ–ˆâ–ˆâ–ˆâ–ˆâ–ˆ  | 229/282 [02:55<00:40,  1.30it/s]
 82%|â–ˆâ–ˆâ–ˆâ–ˆâ–ˆâ–ˆâ–ˆâ–ˆâ– | 230/282 [02:56<00:39,  1.30it/s]
 82%|â–ˆâ–ˆâ–ˆâ–ˆâ–ˆâ–ˆâ–ˆâ–ˆâ– | 231/282 [02:57<00:39,  1.30it/s]
 82%|â–ˆâ–ˆâ–ˆâ–ˆâ–ˆâ–ˆâ–ˆâ–ˆâ– | 232/282 [02:57<00:38,  1.30it/s]
 83%|â–ˆâ–ˆâ–ˆâ–ˆâ–ˆâ–ˆâ–ˆâ–ˆâ–Ž | 233/282 [02:58<00:37,  1.30it/s]
 83%|â–ˆâ–ˆâ–ˆâ–ˆâ–ˆâ–ˆâ–ˆâ–ˆâ–Ž | 234/282 [02:59<00:36,  1.30it/s]
 83%|â–ˆâ–ˆâ–ˆâ–ˆâ–ˆâ–ˆâ–ˆâ–ˆâ–Ž | 235/282 [03:00<00:36,  1.30it/s]
 84%|â–ˆâ–ˆâ–ˆâ–ˆâ–ˆâ–ˆâ–ˆâ–ˆâ–Ž | 236/282 [03:00<00:35,  1.30it/s]
 84%|â–ˆâ–ˆâ–ˆâ–ˆâ–ˆâ–ˆâ–ˆâ–ˆâ– | 237/282 [03:01<00:34,  1.30it/s]
 84%|â–ˆâ–ˆâ–ˆâ–ˆâ–ˆâ–ˆâ–ˆâ–ˆâ– | 238/282 [03:02<00:33,  1.30it/s]
 85%|â–ˆâ–ˆâ–ˆâ–ˆâ–ˆâ–ˆâ–ˆâ–ˆâ– | 239/282 [03:03<00:33,  1.30it/s]
 85%|â–ˆâ–ˆâ–ˆâ–ˆâ–ˆâ–ˆâ–ˆâ–ˆâ–Œ | 240/282 [03:04<00:32,  1.30it/s]
 85%|â–ˆâ–ˆâ–ˆâ–ˆâ–ˆâ–ˆâ–ˆâ–ˆâ–Œ | 241/282 [03:04<00:31,  1.30it/s]
 86%|â–ˆâ–ˆâ–ˆâ–ˆâ–ˆâ–ˆâ–ˆâ–ˆâ–Œ | 242/282 [03:05<00:30,  1.30it/s]
 86%|â–ˆâ–ˆâ–ˆâ–ˆâ–ˆâ–ˆâ–ˆâ–ˆâ–Œ | 243/282 [03:06<00:29,  1.30it/s]
 87%|â–ˆâ–ˆâ–ˆâ–ˆâ–ˆâ–ˆâ–ˆâ–ˆâ–‹ | 244/282 [03:07<00:29,  1.30it/s]
 87%|â–ˆâ–ˆâ–ˆâ–ˆâ–ˆâ–ˆâ–ˆâ–ˆâ–‹ | 245/282 [03:07<00:28,  1.30it/s]
 87%|â–ˆâ–ˆâ–ˆâ–ˆâ–ˆâ–ˆâ–ˆâ–ˆâ–‹ | 246/282 [03:08<00:27,  1.30it/s]
 88%|â–ˆâ–ˆâ–ˆâ–ˆâ–ˆâ–ˆâ–ˆâ–ˆâ–Š | 247/282 [03:09<00:26,  1.30it/s]
 88%|â–ˆâ–ˆâ–ˆâ–ˆâ–ˆâ–ˆâ–ˆâ–ˆâ–Š | 248/282 [03:10<00:26,  1.30it/s]
 88%|â–ˆâ–ˆâ–ˆâ–ˆâ–ˆâ–ˆâ–ˆâ–ˆâ–Š | 249/282 [03:10<00:25,  1.31it/s]
 89%|â–ˆâ–ˆâ–ˆâ–ˆâ–ˆâ–ˆâ–ˆâ–ˆâ–Š | 250/282 [03:11<00:24,  1.30it/s]
 89%|â–ˆâ–ˆâ–ˆâ–ˆâ–ˆâ–ˆâ–ˆâ–ˆâ–‰ | 251/282 [03:12<00:23,  1.30it/s]
 89%|â–ˆâ–ˆâ–ˆâ–ˆâ–ˆâ–ˆâ–ˆâ–ˆâ–‰ | 252/282 [03:13<00:23,  1.30it/s]
 90%|â–ˆâ–ˆâ–ˆâ–ˆâ–ˆâ–ˆâ–ˆâ–ˆâ–‰ | 253/282 [03:13<00:22,  1.30it/s]
 90%|â–ˆâ–ˆâ–ˆâ–ˆâ–ˆâ–ˆâ–ˆâ–ˆâ–ˆ | 254/282 [03:14<00:21,  1.30it/s]
 90%|â–ˆâ–ˆâ–ˆâ–ˆâ–ˆâ–ˆâ–ˆâ–ˆâ–ˆ | 255/282 [03:15<00:20,  1.30it/s]
 91%|â–ˆâ–ˆâ–ˆâ–ˆâ–ˆâ–ˆâ–ˆâ–ˆâ–ˆ | 256/282 [03:16<00:19,  1.30it/s]
 91%|â–ˆâ–ˆâ–ˆâ–ˆâ–ˆâ–ˆâ–ˆâ–ˆâ–ˆ | 257/282 [03:17<00:19,  1.31it/s]
 91%|â–ˆâ–ˆâ–ˆâ–ˆâ–ˆâ–ˆâ–ˆâ–ˆâ–ˆâ–| 258/282 [03:17<00:18,  1.31it/s]
 92%|â–ˆâ–ˆâ–ˆâ–ˆâ–ˆâ–ˆâ–ˆâ–ˆâ–ˆâ–| 259/282 [03:18<00:17,  1.31it/s]
 92%|â–ˆâ–ˆâ–ˆâ–ˆâ–ˆâ–ˆâ–ˆâ–ˆâ–ˆâ–| 260/282 [03:19<00:16,  1.30it/s]
 93%|â–ˆâ–ˆâ–ˆâ–ˆâ–ˆâ–ˆâ–ˆâ–ˆâ–ˆâ–Ž| 261/282 [03:20<00:16,  1.30it/s]
 93%|â–ˆâ–ˆâ–ˆâ–ˆâ–ˆâ–ˆâ–ˆâ–ˆâ–ˆâ–Ž| 262/282 [03:20<00:15,  1.30it/s]
 93%|â–ˆâ–ˆâ–ˆâ–ˆâ–ˆâ–ˆâ–ˆâ–ˆâ–ˆâ–Ž| 263/282 [03:21<00:14,  1.30it/s]
 94%|â–ˆâ–ˆâ–ˆâ–ˆâ–ˆâ–ˆâ–ˆâ–ˆâ–ˆâ–Ž| 264/282 [03:22<00:13,  1.30it/s]
 94%|â–ˆâ–ˆâ–ˆâ–ˆâ–ˆâ–ˆâ–ˆâ–ˆâ–ˆâ–| 265/282 [03:23<00:13,  1.30it/s]
 94%|â–ˆâ–ˆâ–ˆâ–ˆâ–ˆâ–ˆâ–ˆâ–ˆâ–ˆâ–| 266/282 [03:23<00:12,  1.30it/s]
 95%|â–ˆâ–ˆâ–ˆâ–ˆâ–ˆâ–ˆâ–ˆâ–ˆâ–ˆâ–| 267/282 [03:24<00:11,  1.31it/s]
 95%|â–ˆâ–ˆâ–ˆâ–ˆâ–ˆâ–ˆâ–ˆâ–ˆâ–ˆâ–Œ| 268/282 [03:25<00:10,  1.31it/s]
 95%|â–ˆâ–ˆâ–ˆâ–ˆâ–ˆâ–ˆâ–ˆâ–ˆâ–ˆâ–Œ| 269/282 [03:26<00:09,  1.30it/s]
 96%|â–ˆâ–ˆâ–ˆâ–ˆâ–ˆâ–ˆâ–ˆâ–ˆâ–ˆâ–Œ| 270/282 [03:27<00:09,  1.31it/s]
 96%|â–ˆâ–ˆâ–ˆâ–ˆâ–ˆâ–ˆâ–ˆâ–ˆâ–ˆâ–Œ| 271/282 [03:27<00:08,  1.30it/s]
 96%|â–ˆâ–ˆâ–ˆâ–ˆâ–ˆâ–ˆâ–ˆâ–ˆâ–ˆâ–‹| 272/282 [03:28<00:07,  1.30it/s]
 97%|â–ˆâ–ˆâ–ˆâ–ˆâ–ˆâ–ˆâ–ˆâ–ˆâ–ˆâ–‹| 273/282 [03:29<00:06,  1.30it/s]
 97%|â–ˆâ–ˆâ–ˆâ–ˆâ–ˆâ–ˆâ–ˆâ–ˆâ–ˆâ–‹| 274/282 [03:30<00:06,  1.30it/s]
 98%|â–ˆâ–ˆâ–ˆâ–ˆâ–ˆâ–ˆâ–ˆâ–ˆâ–ˆâ–Š| 275/282 [03:30<00:05,  1.30it/s]
 98%|â–ˆâ–ˆâ–ˆâ–ˆâ–ˆâ–ˆâ–ˆâ–ˆâ–ˆâ–Š| 276/282 [03:31<00:04,  1.30it/s]
 98%|â–ˆâ–ˆâ–ˆâ–ˆâ–ˆâ–ˆâ–ˆâ–ˆâ–ˆâ–Š| 277/282 [03:32<00:03,  1.30it/s]
 99%|â–ˆâ–ˆâ–ˆâ–ˆâ–ˆâ–ˆâ–ˆâ–ˆâ–ˆâ–Š| 278/282 [03:33<00:03,  1.30it/s]
 99%|â–ˆâ–ˆâ–ˆâ–ˆâ–ˆâ–ˆâ–ˆâ–ˆâ–ˆâ–‰| 279/282 [03:33<00:02,  1.30it/s]
 99%|â–ˆâ–ˆâ–ˆâ–ˆâ–ˆâ–ˆâ–ˆâ–ˆâ–ˆâ–‰| 280/282 [03:34<00:01,  1.30it/s]
100%|â–ˆâ–ˆâ–ˆâ–ˆâ–ˆâ–ˆâ–ˆâ–ˆâ–ˆâ–‰| 281/282 [03:35<00:00,  1.30it/s]
100%|â–ˆâ–ˆâ–ˆâ–ˆâ–ˆâ–ˆâ–ˆâ–ˆâ–ˆâ–ˆ| 282/282 [03:36<00:00,  1.40it/s]
                                                 

100%|â–ˆâ–ˆâ–ˆâ–ˆâ–ˆâ–ˆâ–ˆâ–ˆâ–ˆâ–ˆ| 282/282 [03:36<00:00,  1.40it/s]
100%|â–ˆâ–ˆâ–ˆâ–ˆâ–ˆâ–ˆâ–ˆâ–ˆâ–ˆâ–ˆ| 282/282 [03:36<00:00,  1.31it/s]
{'train_runtime': 216.0696, 'train_samples_per_second': 10.413, 'train_steps_per_second': 1.305, 'train_loss': 0.4585030738343584, 'epoch': 3.0}

  0%|          | 0/11 [00:00<?, ?it/s]
 18%|â–ˆâ–Š        | 2/11 [00:00<00:01,  8.22it/s]
 27%|â–ˆâ–ˆâ–‹       | 3/11 [00:00<00:01,  5.80it/s]
 36%|â–ˆâ–ˆâ–ˆâ–‹      | 4/11 [00:00<00:01,  5.02it/s]
 45%|â–ˆâ–ˆâ–ˆâ–ˆâ–Œ     | 5/11 [00:00<00:01,  4.66it/s]
 55%|â–ˆâ–ˆâ–ˆâ–ˆâ–ˆâ–    | 6/11 [00:01<00:01,  4.46it/s]
 64%|â–ˆâ–ˆâ–ˆâ–ˆâ–ˆâ–ˆâ–Ž   | 7/11 [00:01<00:00,  4.34it/s]
 73%|â–ˆâ–ˆâ–ˆâ–ˆâ–ˆâ–ˆâ–ˆâ–Ž  | 8/11 [00:01<00:00,  4.27it/s]
 82%|â–ˆâ–ˆâ–ˆâ–ˆâ–ˆâ–ˆâ–ˆâ–ˆâ– | 9/11 [00:01<00:00,  4.22it/s]
 91%|â–ˆâ–ˆâ–ˆâ–ˆâ–ˆâ–ˆâ–ˆâ–ˆâ–ˆ | 10/11 [00:02<00:00,  4.20it/s]
100%|â–ˆâ–ˆâ–ˆâ–ˆâ–ˆâ–ˆâ–ˆâ–ˆâ–ˆâ–ˆ| 11/11 [00:02<00:00,  4.80it/s]
